<?xml version="1.0" encoding="UTF-8"?>
<testng-results skipped="0" failed="2" ignored="0" total="3" passed="1">
  <reporter-output>
  </reporter-output>
  <suite name="IneuronPractice" duration-ms="86852" started-at="2023-02-01T00:35:29 CST" finished-at="2023-02-01T00:36:56 CST">
    <groups>
    </groups>
    <test name="EdgeTest" duration-ms="41548" started-at="2023-02-01T00:35:29 CST" finished-at="2023-02-01T00:36:11 CST">
      <class name="Assignment12.Task1">
        <test-method status="PASS" signature="setUp(java.lang.String)[pri:0, instance:Assignment12.Task1@37d31475]" name="setUp" is-config="true" duration-ms="20390" started-at="2023-02-01T00:35:29 CST" finished-at="2023-02-01T00:35:50 CST">
          <params>
            <param index="0">
              <value>
                <![CDATA[Edge]]>
              </value>
            </param>
          </params>
          <reporter-output>
          </reporter-output>
        </test-method> <!-- setUp -->
        <test-method status="FAIL" signature="useTestNG()[pri:0, instance:Assignment12.Task1@37d31475]" name="useTestNG" duration-ms="18663" started-at="2023-02-01T00:35:50 CST" finished-at="2023-02-01T00:36:08 CST">
          <exception class="java.lang.AssertionError">
            <message>
              <![CDATA[expected [false] but found [true]]]>
            </message>
            <full-stacktrace>
              <![CDATA[java.lang.AssertionError: expected [false] but found [true]
at org.testng.Assert.fail(Assert.java:99)
at org.testng.Assert.failNotEquals(Assert.java:1037)
at org.testng.Assert.assertFalse(Assert.java:67)
at org.testng.Assert.assertFalse(Assert.java:77)
at Assignment12.Task1.useTestNG(Task1.java:141)
at sun.reflect.NativeMethodAccessorImpl.invoke0(Native Method)
at sun.reflect.NativeMethodAccessorImpl.invoke(NativeMethodAccessorImpl.java:62)
at sun.reflect.DelegatingMethodAccessorImpl.invoke(DelegatingMethodAccessorImpl.java:43)
at java.lang.reflect.Method.invoke(Method.java:498)
at org.testng.internal.MethodInvocationHelper.invokeMethod(MethodInvocationHelper.java:133)
at org.testng.internal.TestInvoker.invokeMethod(TestInvoker.java:598)
at org.testng.internal.TestInvoker.invokeTestMethod(TestInvoker.java:173)
at org.testng.internal.MethodRunner.runInSequence(MethodRunner.java:46)
at org.testng.internal.TestInvoker$MethodInvocationAgent.invoke(TestInvoker.java:824)
at org.testng.internal.TestInvoker.invokeTestMethods(TestInvoker.java:146)
at org.testng.internal.TestMethodWorker.invokeTestMethods(TestMethodWorker.java:146)
at org.testng.internal.TestMethodWorker.run(TestMethodWorker.java:128)
at java.util.ArrayList.forEach(ArrayList.java:1259)
at org.testng.TestRunner.privateRun(TestRunner.java:794)
at org.testng.TestRunner.run(TestRunner.java:596)
at org.testng.SuiteRunner.runTest(SuiteRunner.java:377)
at org.testng.SuiteRunner.access$000(SuiteRunner.java:28)
at org.testng.SuiteRunner$SuiteWorker.run(SuiteRunner.java:418)
at org.testng.internal.thread.ThreadUtil.lambda$execute$0(ThreadUtil.java:64)
at java.util.concurrent.FutureTask.run(FutureTask.java:266)
at java.util.concurrent.ThreadPoolExecutor.runWorker(ThreadPoolExecutor.java:1149)
at java.util.concurrent.ThreadPoolExecutor$Worker.run(ThreadPoolExecutor.java:624)
at java.lang.Thread.run(Thread.java:748)
]]>
            </full-stacktrace>
          </exception> <!-- java.lang.AssertionError -->
          <reporter-output>
          </reporter-output>
        </test-method> <!-- useTestNG -->
        <test-method status="PASS" signature="tearDown()[pri:0, instance:Assignment12.Task1@37d31475]" name="tearDown" is-config="true" duration-ms="2394" started-at="2023-02-01T00:36:08 CST" finished-at="2023-02-01T00:36:11 CST">
          <reporter-output>
          </reporter-output>
        </test-method> <!-- tearDown -->
      </class> <!-- Assignment12.Task1 -->
    </test> <!-- EdgeTest -->
    <test name="chromeTest" duration-ms="47367" started-at="2023-02-01T00:35:29 CST" finished-at="2023-02-01T00:36:16 CST">
      <class name="Assignment12.Task1">
        <test-method status="PASS" signature="setUp(java.lang.String)[pri:0, instance:Assignment12.Task1@10bbd20a]" name="setUp" is-config="true" duration-ms="21287" started-at="2023-02-01T00:35:29 CST" finished-at="2023-02-01T00:35:50 CST">
          <params>
            <param index="0">
              <value>
                <![CDATA[Chrome]]>
              </value>
            </param>
          </params>
          <reporter-output>
          </reporter-output>
        </test-method> <!-- setUp -->
        <test-method status="PASS" signature="useTestNG()[pri:0, instance:Assignment12.Task1@10bbd20a]" name="useTestNG" duration-ms="23023" started-at="2023-02-01T00:35:50 CST" finished-at="2023-02-01T00:36:13 CST">
          <reporter-output>
          </reporter-output>
        </test-method> <!-- useTestNG -->
        <test-method status="PASS" signature="tearDown()[pri:0, instance:Assignment12.Task1@10bbd20a]" name="tearDown" is-config="true" duration-ms="2969" started-at="2023-02-01T00:36:13 CST" finished-at="2023-02-01T00:36:16 CST">
          <reporter-output>
          </reporter-output>
        </test-method> <!-- tearDown -->
      </class> <!-- Assignment12.Task1 -->
    </test> <!-- chromeTest -->
    <test name="FireFoxTest" duration-ms="86851" started-at="2023-02-01T00:35:29 CST" finished-at="2023-02-01T00:36:56 CST">
      <class name="Assignment12.Task1">
        <test-method status="PASS" signature="setUp(java.lang.String)[pri:0, instance:Assignment12.Task1@1d8d30f7]" name="setUp" is-config="true" duration-ms="73818" started-at="2023-02-01T00:35:29 CST" finished-at="2023-02-01T00:36:43 CST">
          <params>
            <param index="0">
              <value>
                <![CDATA[FireFox]]>
              </value>
            </param>
          </params>
          <reporter-output>
          </reporter-output>
        </test-method> <!-- setUp -->
        <test-method status="FAIL" signature="useTestNG()[pri:0, instance:Assignment12.Task1@1d8d30f7]" name="useTestNG" duration-ms="6292" started-at="2023-02-01T00:36:43 CST" finished-at="2023-02-01T00:36:49 CST">
          <exception class="org.openqa.selenium.InvalidArgumentException">
            <message>
              <![CDATA[File not found: C:/Users/sv70/Documents/GitHub/SeleniumTasks/src/test/resources/UploadImage/thumbnail.png
Build info: version: '4.6.0', revision: '79f1c02ae20'
System info: os.name: 'Windows 10', os.arch: 'amd64', os.version: '10.0', java.version: '1.8.0_311'
Driver info: org.openqa.selenium.firefox.FirefoxDriver
Command: [826a71f3-6b0f-4feb-8abf-6b2fa9b13a89, sendKeysToElement {id=f741d932-3678-4d14-898c-91f1c7fd4917, value=[Ljava.lang.CharSequence;@29f5f369}]
Capabilities {acceptInsecureCerts: true, browserName: firefox, browserVersion: 109.0, moz:accessibilityChecks: false, moz:buildID: 20230112150232, moz:debuggerAddress: 127.0.0.1:45687, moz:geckodriverVersion: 0.32.0, moz:headless: false, moz:platformVersion: 10.0, moz:processID: 25312, moz:profile: C:\Users\sv70\AppData\Local..., moz:shutdownTimeout: 60000, moz:useNonSpecCompliantPointerOrigin: false, moz:webdriverClick: true, moz:windowless: false, pageLoadStrategy: normal, platformName: WINDOWS, proxy: Proxy(), se:cdp: ws://127.0.0.1:45687/devtoo..., se:cdpVersion: 85.0, setWindowRect: true, strictFileInteractability: false, timeouts: {implicit: 0, pageLoad: 300000, script: 30000}, unhandledPromptBehavior: dismiss and notify}
Element: [[FirefoxDriver: firefox on WINDOWS (826a71f3-6b0f-4feb-8abf-6b2fa9b13a89)] -> id: thumbnail]
Session ID: 826a71f3-6b0f-4feb-8abf-6b2fa9b13a89]]>
            </message>
            <full-stacktrace>
              <![CDATA[org.openqa.selenium.InvalidArgumentException: File not found: C:/Users/sv70/Documents/GitHub/SeleniumTasks/src/test/resources/UploadImage/thumbnail.png
Build info: version: '4.6.0', revision: '79f1c02ae20'
System info: os.name: 'Windows 10', os.arch: 'amd64', os.version: '10.0', java.version: '1.8.0_311'
Driver info: org.openqa.selenium.firefox.FirefoxDriver
Command: [826a71f3-6b0f-4feb-8abf-6b2fa9b13a89, sendKeysToElement {id=f741d932-3678-4d14-898c-91f1c7fd4917, value=[Ljava.lang.CharSequence;@29f5f369}]
Capabilities {acceptInsecureCerts: true, browserName: firefox, browserVersion: 109.0, moz:accessibilityChecks: false, moz:buildID: 20230112150232, moz:debuggerAddress: 127.0.0.1:45687, moz:geckodriverVersion: 0.32.0, moz:headless: false, moz:platformVersion: 10.0, moz:processID: 25312, moz:profile: C:\Users\sv70\AppData\Local..., moz:shutdownTimeout: 60000, moz:useNonSpecCompliantPointerOrigin: false, moz:webdriverClick: true, moz:windowless: false, pageLoadStrategy: normal, platformName: WINDOWS, proxy: Proxy(), se:cdp: ws://127.0.0.1:45687/devtoo..., se:cdpVersion: 85.0, setWindowRect: true, strictFileInteractability: false, timeouts: {implicit: 0, pageLoad: 300000, script: 30000}, unhandledPromptBehavior: dismiss and notify}
Element: [[FirefoxDriver: firefox on WINDOWS (826a71f3-6b0f-4feb-8abf-6b2fa9b13a89)] -> id: thumbnail]
Session ID: 826a71f3-6b0f-4feb-8abf-6b2fa9b13a89
at sun.reflect.NativeConstructorAccessorImpl.newInstance0(Native Method)
at sun.reflect.NativeConstructorAccessorImpl.newInstance(NativeConstructorAccessorImpl.java:62)
at sun.reflect.DelegatingConstructorAccessorImpl.newInstance(DelegatingConstructorAccessorImpl.java:45)
at java.lang.reflect.Constructor.newInstance(Constructor.java:423)
at org.openqa.selenium.remote.codec.w3c.W3CHttpResponseCodec.createException(W3CHttpResponseCodec.java:200)
at org.openqa.selenium.remote.codec.w3c.W3CHttpResponseCodec.decode(W3CHttpResponseCodec.java:133)
at org.openqa.selenium.remote.codec.w3c.W3CHttpResponseCodec.decode(W3CHttpResponseCodec.java:53)
at org.openqa.selenium.remote.HttpCommandExecutor.execute(HttpCommandExecutor.java:184)
at org.openqa.selenium.remote.service.DriverCommandExecutor.invokeExecute(DriverCommandExecutor.java:167)
at org.openqa.selenium.remote.service.DriverCommandExecutor.execute(DriverCommandExecutor.java:142)
at org.openqa.selenium.remote.RemoteWebDriver.execute(RemoteWebDriver.java:541)
at org.openqa.selenium.remote.RemoteWebElement.execute(RemoteWebElement.java:257)
at org.openqa.selenium.remote.RemoteWebElement.sendKeys(RemoteWebElement.java:113)
at Assignment12.Task1.useTestNG(Task1.java:72)
at sun.reflect.NativeMethodAccessorImpl.invoke0(Native Method)
at sun.reflect.NativeMethodAccessorImpl.invoke(NativeMethodAccessorImpl.java:62)
at sun.reflect.DelegatingMethodAccessorImpl.invoke(DelegatingMethodAccessorImpl.java:43)
at java.lang.reflect.Method.invoke(Method.java:498)
at org.testng.internal.MethodInvocationHelper.invokeMethod(MethodInvocationHelper.java:133)
at org.testng.internal.TestInvoker.invokeMethod(TestInvoker.java:598)
at org.testng.internal.TestInvoker.invokeTestMethod(TestInvoker.java:173)
at org.testng.internal.MethodRunner.runInSequence(MethodRunner.java:46)
at org.testng.internal.TestInvoker$MethodInvocationAgent.invoke(TestInvoker.java:824)
at org.testng.internal.TestInvoker.invokeTestMethods(TestInvoker.java:146)
at org.testng.internal.TestMethodWorker.invokeTestMethods(TestMethodWorker.java:146)
at org.testng.internal.TestMethodWorker.run(TestMethodWorker.java:128)
at java.util.ArrayList.forEach(ArrayList.java:1259)
at org.testng.TestRunner.privateRun(TestRunner.java:794)
at org.testng.TestRunner.run(TestRunner.java:596)
at org.testng.SuiteRunner.runTest(SuiteRunner.java:377)
at org.testng.SuiteRunner.access$000(SuiteRunner.java:28)
at org.testng.SuiteRunner$SuiteWorker.run(SuiteRunner.java:418)
at org.testng.internal.thread.ThreadUtil.lambda$execute$0(ThreadUtil.java:64)
at java.util.concurrent.FutureTask.run(FutureTask.java:266)
at java.util.concurrent.ThreadPoolExecutor.runWorker(ThreadPoolExecutor.java:1149)
at java.util.concurrent.ThreadPoolExecutor$Worker.run(ThreadPoolExecutor.java:624)
at java.lang.Thread.run(Thread.java:748)
]]>
            </full-stacktrace>
          </exception> <!-- org.openqa.selenium.InvalidArgumentException -->
          <reporter-output>
          </reporter-output>
        </test-method> <!-- useTestNG -->
        <test-method status="PASS" signature="tearDown()[pri:0, instance:Assignment12.Task1@1d8d30f7]" name="tearDown" is-config="true" duration-ms="6638" started-at="2023-02-01T00:36:49 CST" finished-at="2023-02-01T00:36:56 CST">
          <reporter-output>
          </reporter-output>
        </test-method> <!-- tearDown -->
      </class> <!-- Assignment12.Task1 -->
    </test> <!-- FireFoxTest -->
  </suite> <!-- IneuronPractice -->
</testng-results>
